[1/11] Building C object esp-idf/main/CMakeFiles/__idf_main.dir/main.c.obj
In file included from F:/ESP-IDF/Installation/Espressif/Espressif/Sleep_Airsense/main/main.c:5:
f:\esp-idf\installation\espressif\espressif\sleep_airsense\component\mhz14a\mhz14a.h:128:13: warning: 'mhz_isr_handler' declared 'static' but never defined [-Wunused-function]
  128 | static bool mhz_isr_handler(mcpwm_unit_t mcpwm, mcpwm_capture_channel_id_t cap_sig, const cap_event_data_t *edata,
      |             ^~~~~~~~~~~~~~~
f:\esp-idf\installation\espressif\espressif\sleep_airsense\component\mhz14a\mhz14a.h:143:42: warning: 'mhz14a_on_off_functionSelfCalibration' declared 'static' but never defined [-Wunused-function]
  143 | __attribute__((unused)) static esp_err_t mhz14a_on_off_functionSelfCalibration(bool statusFunction);
      |                                          ^~~~~~~~~~~~~~~~~~~~~~~~~~~~~~~~~~~~~
f:\esp-idf\installation\espressif\espressif\sleep_airsense\component\mhz14a\mhz14a.h:126:22: warning: 'cap_queue' defined but not used [-Wunused-variable]
  126 | static QueueHandle_t cap_queue;
      |                      ^~~~~~~~~
f:\esp-idf\installation\espressif\espressif\sleep_airsense\component\mhz14a\mhz14a.h:124:17: warning: 'cap_val_end_of_sample' defined but not used [-Wunused-variable]
  124 | static uint32_t cap_val_end_of_sample = 0;
      |                 ^~~~~~~~~~~~~~~~~~~~~
f:\esp-idf\installation\espressif\espressif\sleep_airsense\component\mhz14a\mhz14a.h:123:17: warning: 'cap_val_begin_of_sample' defined but not used [-Wunused-variable]
  123 | static uint32_t cap_val_begin_of_sample = 0;
      |                 ^~~~~~~~~~~~~~~~~~~~~~~
[2/11] Building C object esp-idf/MHZ14a/CMakeFiles/__idf_MHZ14a.dir/mhz14a.c.obj
[3/11] Linking C static library esp-idf\MHZ14a\libMHZ14a.a
[4/11] Performing build step for 'bootloader'
[1/1] cmd.exe /C "cd /D F:\ESP-IDF\Installation\Espressif\Espressif\Sleep_Airsense\build\bootloader\esp-idf\esptool_py && F:\ESP-IDF\Installation\Espressif\Espressif\python_env\idf5.1_py3.11_env\Scripts\python.exe F:/ESP-IDF/Installation/Espressif/Espressif/frameworks/esp-idf-v5.1.1/components/partition_table/check_sizes.py --offset 0x8000 bootloader 0x1000 F:/ESP-IDF/Installation/Espressif/Espressif/Sleep_Airsense/build/bootloader/bootloader.bin"
Bootloader binary size 0x6810 bytes. 0x7f0 bytes (7%) free.
[5/9] Linking C static library esp-idf\main\libmain.a
[6/9] Generating ld/sections.ld
warning: default on the choice symbol MHZ14A_PWM (defined at F:/ESP-IDF/Installation/Espressif/Espressif/Sleep_Airsense/component/MHZ14a/Kconfig.projbuild:27) will have no effect, as defaults do not affect choice symbols
warning: default on the choice symbol MHZ14A_UART (defined at F:/ESP-IDF/Installation/Espressif/Espressif/Sleep_Airsense/component/MHZ14a/Kconfig.projbuild:30) will have no effect, as defaults do not affect choice symbols
[7/9] Linking CXX executable Sleep_Airsense.elf
FAILED: Sleep_Airsense.elf 
cmd.exe /C "cd . && F:\ESP-IDF\Installation\Espressif\Espressif\tools\xtensa-esp32-elf\esp-12.2.0_20230208\xtensa-esp32-elf\bin\xtensa-esp32-elf-g++.exe -mlongcalls -Wno-frame-address -Wl,--cref -Wl,--defsym=IDF_TARGET_ESP32=0 -Wl,--Map=F:/ESP-IDF/Installation/Espressif/Espressif/Sleep_Airsense/build/Sleep_Airsense.map -Wl,--no-warn-rwx-segments -fno-rtti -fno-lto -Wl,--gc-sections -Wl,--warn-common -T esp32.peripherals.ld -T esp32.rom.ld -T esp32.rom.api.ld -T esp32.rom.libgcc.ld -T esp32.rom.newlib-data.ld -T esp32.rom.syscalls.ld -T esp32.rom.newlib-funcs.ld -T memory.ld -T sections.ld @CMakeFiles\Sleep_Airsense.elf.rsp -o Sleep_Airsense.elf  && cd ."
f:/esp-idf/installation/espressif/espressif/tools/xtensa-esp32-elf/esp-12.2.0_20230208/xtensa-esp32-elf/bin/../lib/gcc/xtensa-esp32-elf/12.2.0/../../../../xtensa-esp32-elf/bin/ld.exe: esp-idf/MHZ14a/libMHZ14a.a(mhz14a.c.obj):F:/ESP-IDF/Installation/Espressif/Espressif/Sleep_Airsense/component/MHZ14a/mhz14a.h:121: multiple definition of `mhz14a_commandTemplate'; esp-idf/main/libmain.a(main.c.obj):f:\esp-idf\installation\espressif\espressif\sleep_airsense\component\mhz14a/mhz14a.h:121: first defined here
collect2.exe: error: ld returned 1 exit status
ninja: build stopped: subcommand failed.
